<?xml version="1.0" encoding="UTF-8"?>
<testng-results skipped="0" failed="0" total="1" passed="1">
  <reporter-output>
  </reporter-output>
  <suite name="Default suite" duration-ms="67208" started-at="2017-01-20T08:42:28Z" finished-at="2017-01-20T08:43:36Z">
    <groups>
    </groups>
    <test name="Default test" duration-ms="67208" started-at="2017-01-20T08:42:28Z" finished-at="2017-01-20T08:43:36Z">
      <class name="tc_Executions.Execution">
        <test-method status="PASS" signature="Customers()[pri:0, instance:tc_Executions.Execution@100fc185]" name="Customers" duration-ms="67196" started-at="2017-01-20T14:12:28Z" finished-at="2017-01-20T14:13:36Z">
          <reporter-output>
          </reporter-output>
        </test-method> <!-- Customers -->
      </class> <!-- tc_Executions.Execution -->
    </test> <!-- Default test -->
  </suite> <!-- Default suite -->
</testng-results>
